\BOOKMARK [1][-]{section*.1}{\376\377\000I\000n\000t\000r\000o\000d\000u\000c\000t\000i\000o\000n}{}% 1
\BOOKMARK [2][-]{section*.2}{\376\377\000T\000h\000e\000\040\000B\000a\000y\000e\000s\000\040\000P\000a\000r\000a\000d\000i\000g\000m}{section*.1}% 2
\BOOKMARK [2][-]{section*.3}{\376\377\000B\000a\000y\000e\000s\000i\000a\000n\000\040\000C\000o\000m\000p\000u\000t\000a\000t\000i\000o\000n\000a\000l\000\040\000M\000e\000t\000h\000o\000d\000s}{section*.1}% 3
\BOOKMARK [3][-]{section*.4}{\376\377\000M\000a\000r\000k\000o\000v\000\040\000C\000h\000a\000i\000n\000\040\000M\000o\000n\000t\000e\000\040\000C\000a\000r\000l\000o}{section*.3}% 4
\BOOKMARK [3][-]{section*.5}{\376\377\000M\000e\000t\000r\000o\000p\000o\000l\000i\000s\000-\000H\000a\000s\000t\000i\000n\000g\000s\000\040\000A\000l\000g\000o\000r\000i\000t\000h\000m}{section*.3}% 5
\BOOKMARK [3][-]{section*.6}{\376\377\000G\000i\000b\000b\000s\000\040\000S\000a\000m\000p\000l\000i\000n\000g}{section*.3}% 6
\BOOKMARK [3][-]{section*.7}{\376\377\000H\000a\000m\000i\000l\000t\000o\000n\000i\000a\000n\000\040\000M\000o\000n\000t\000e\000\040\000C\000a\000r\000l\000o}{section*.3}% 7
\BOOKMARK [3][-]{section*.8}{\376\377\000S\000T\000A\000N}{section*.3}% 8
\BOOKMARK [1][-]{section*.9}{\376\377\000B\000a\000y\000e\000s\000i\000a\000n\000\040\000S\000a\000m\000p\000l\000e\000r\000s}{}% 9
\BOOKMARK [2][-]{section*.10}{\376\377\000B\000U\000G\000S}{section*.9}% 10
\BOOKMARK [2][-]{section*.11}{\376\377\000O\000p\000e\000n\000B\000U\000G\000S}{section*.9}% 11
\BOOKMARK [2][-]{section*.12}{\376\377\000J\000A\000G\000S}{section*.9}% 12
\BOOKMARK [2][-]{section*.13}{\376\377\000N\000i\000m\000b\000l\000e}{section*.9}% 13
\BOOKMARK [2][-]{section*.14}{\376\377\000S\000T\000A\000N}{section*.9}% 14
\BOOKMARK [2][-]{section*.15}{\376\377\000G\000r\000e\000t\000a}{section*.9}% 15
\BOOKMARK [1][-]{section*.16}{\376\377\000E\000x\000a\000m\000p\000l\000e\000\040\000M\000o\000d\000e\000l}{}% 16
\BOOKMARK [2][-]{section*.17}{\376\377\000D\000a\000t\000a\000\040\000P\000r\000e\000p\000a\000r\000a\000t\000i\000o\000n}{section*.16}% 17
\BOOKMARK [2][-]{section*.18}{\376\377\000M\000o\000d\000e\000l\000\040\000C\000o\000n\000f\000i\000g\000u\000r\000a\000t\000i\000o\000n}{section*.16}% 18
\BOOKMARK [2][-]{section*.19}{\376\377\000O\000p\000e\000n\000B\000U\000G\000S\000\040\000/\000\040\000R\0002\000O\000p\000e\000n\000B\000U\000G\000S}{section*.16}% 19
\BOOKMARK [2][-]{section*.20}{\376\377\000J\000A\000G\000S}{section*.16}% 20
\BOOKMARK [2][-]{section*.21}{\376\377\000N\000i\000m\000b\000l\000e}{section*.16}% 21
\BOOKMARK [2][-]{section*.22}{\376\377\000S\000T\000A\000N}{section*.16}% 22
\BOOKMARK [2][-]{section*.23}{\376\377\000G\000r\000e\000t\000a}{section*.16}% 23
\BOOKMARK [1][-]{section*.24}{\376\377\000C\000o\000m\000m\000o\000n\000\040\000B\000a\000y\000e\000s\000i\000a\000n\000\040\000C\000o\000m\000p\000u\000t\000a\000t\000i\000o\000n\000\040\000S\000e\000t\000t\000i\000n\000g\000s}{}% 24
\BOOKMARK [2][-]{section*.25}{\376\377\000C\000h\000a\000i\000n\000s}{section*.24}% 25
\BOOKMARK [3][-]{section*.26}{\376\377\000I\000t\000e\000r\000a\000t\000i\000o\000n\000s}{section*.25}% 26
\BOOKMARK [3][-]{section*.27}{\376\377\000W\000a\000r\000m\000u\000p}{section*.25}% 27
\BOOKMARK [3][-]{section*.28}{\376\377\000T\000h\000i\000n\000n\000i\000n\000g}{section*.25}% 28
\BOOKMARK [3][-]{section*.29}{\376\377\000I\000n\000i\000t\000i\000a\000l\000\040\000V\000a\000l\000u\000e\000\040\000S\000p\000e\000c\000i\000f\000i\000c\000a\000t\000i\000o\000n}{section*.25}% 29
\BOOKMARK [1][-]{section*.30}{\376\377\000C\000o\000m\000m\000o\000n\000\040\000T\000r\000i\000c\000k\000s\000\040\000f\000o\000r\000\040\000M\000o\000d\000e\000l\000\040\000a\000n\000d\000\040\000D\000a\000t\000a\000\040\000S\000p\000e\000c\000i\000f\000i\000c\000a\000t\000i\000o\000n}{}% 30
\BOOKMARK [2][-]{section*.31}{\376\377\000M\000o\000d\000e\000l\000\040\000S\000p\000e\000c\000i\000f\000i\000c\000a\000t\000i\000o\000n}{section*.30}% 31
\BOOKMARK [2][-]{section*.36}{\376\377\000D\000a\000t\000a\000\040\000S\000p\000e\000c\000i\000f\000i\000c\000a\000t\000i\000o\000n\000\040\000a\000n\000d\000\040\000I\000n\000p\000u\000t}{section*.30}% 32
\BOOKMARK [2][-]{section*.37}{\376\377\000M\000o\000n\000i\000t\000o\000r\000i\000n\000g\000\040\000P\000a\000r\000a\000m\000e\000t\000e\000r\000s}{section*.30}% 33
\BOOKMARK [2][-]{section*.38}{\376\377\000S\000T\000A\000N\000\040\000P\000r\000o\000b\000a\000b\000i\000l\000t\000y\000\040\000a\000n\000d\000\040\000S\000a\000m\000p\000l\000i\000n\000g\000\040\000S\000t\000a\000t\000e\000m\000e\000n\000t\000s}{section*.30}% 34
\BOOKMARK [2][-]{section*.39}{\376\377\000G\000r\000e\000t\000a\000'\000s\000\040\000U\000n\000i\000q\000u\000e\000\040\000S\000p\000e\000c\000i\000f\000i\000c\000a\000t\000i\000o\000n\000\040\000L\000a\000n\000g\000u\000a\000g\000e}{section*.30}% 35
\BOOKMARK [1][-]{section*.40}{\376\377\000H\000o\000w\000\040\000t\000o\000\040\000S\000p\000e\000c\000i\000f\000y\000\040\000T\000r\000i\000c\000k\000y\000\040\000M\000o\000d\000e\000l\000s}{}% 36
